<?xml version="1.0" encoding="UTF-8"?>
<!-- Generated by org.testng.reporters.JUnitReportReporter -->
<testsuite hostname="DESKTOP-IF37F16" failures="0" tests="1" name="com.runner.runnerTestNg" time="9.980" errors="0" timestamp="2025-04-03T21:45:35 IST" skipped="0">
  <testcase classname="com.runner.runnerTestNg" name="runScenario" time="9.980"/>
</testsuite> <!-- com.runner.runnerTestNg -->
